Namespace changed to core - -nofile-:0
    CurrentPackage set to None
!!!!! Reading fileName(include/geomPackage.h)
Namespace changed to geom - include/geomPackage.h:8
    CurrentPackage set to None
!!!!! Reading fileName(include/boundingBox.fwd.h)
Namespace changed to geom - include/boundingBox.fwd.h:3
    CurrentPackage set to None
!!!!! Reading fileName(include/boundingBox.h)
Namespace changed to geom - include/boundingBox.h:16
    CurrentPackage set to None
In fileName: include/boundingBox.h parsed cppClassDefinition line: class BoundingBox_O : public core::T_O
Creating one Initializer(geom::BoundingBox_O) baseInitializer(['core::T_O'])
Group: <__main__.ClassGroup instance at 0x103f60488>  target: geom::BoundingBox_O   filename: include/boundingBox.h
createOnClass@include/boundingBox.h:19 --> geom::BoundingBox_O
In fileName: include/boundingBox.h parsed lispBase1 line: LISP_BASE1(core::T_O);
In fileName: include/boundingBox.h parsed lispClass line: LISP_CLASS(geom,GeomPkg,BoundingBox_O,"BoundingBox");
updateLatestClass info for class[geom::BoundingBox_O] packageName[GeomPkg]
!!!!! Reading fileName(include/color.fwd.h)
Namespace changed to geom - include/color.fwd.h:3
    CurrentPackage set to None
!!!!! Reading fileName(include/color.h)
Namespace changed to geom - include/color.h:15
    CurrentPackage set to None
In fileName: include/color.h parsed cppClassDefinition line: class Color_O : public core::T_O
Creating one Initializer(geom::Color_O) baseInitializer(['core::T_O'])
Group: <__main__.ClassGroup instance at 0x103f60488>  target: geom::Color_O   filename: include/color.h
createOnClass@include/color.h:20 --> geom::Color_O
In fileName: include/color.h parsed lispBase1 line: LISP_BASE1(core::T_O);
In fileName: include/color.h parsed lispClass line: LISP_CLASS(geom,GeomPkg,Color_O,"Color");
updateLatestClass info for class[geom::Color_O] packageName[GeomPkg]
!!!!! Reading fileName(include/coordinateArray.fwd.h)
Namespace changed to geom - include/coordinateArray.fwd.h:3
    CurrentPackage set to None
!!!!! Reading fileName(include/coordinateArray.h)
Namespace changed to geom - include/coordinateArray.h:30
    CurrentPackage set to None
In fileName: include/coordinateArray.h parsed cppClassDefinition line: class CoordinateArray_O : public core::Vector_O
Creating one Initializer(geom::CoordinateArray_O) baseInitializer(['core::Vector_O'])
Group: <__main__.ClassGroup instance at 0x103f60488>  target: geom::CoordinateArray_O   filename: include/coordinateArray.h
createOnClass@include/coordinateArray.h:35 --> geom::CoordinateArray_O
In fileName: include/coordinateArray.h parsed lispBase1 line: LISP_BASE1(core::Vector_O);
In fileName: include/coordinateArray.h parsed lispClass line: LISP_CLASS(geom,GeomPkg,CoordinateArray_O,"CoordinateArray");
updateLatestClass info for class[geom::CoordinateArray_O] packageName[GeomPkg]
In fileName: include/coordinateArray.h parsed cppClassDefinition line: class CoordinateArrayWithHash_O : public CoordinateArray_O
Creating one Initializer(geom::CoordinateArrayWithHash_O) baseInitializer(['geom::CoordinateArray_O'])
Group: <__main__.ClassGroup instance at 0x103f60488>  target: geom::CoordinateArrayWithHash_O   filename: include/coordinateArray.h
createOnClass@include/coordinateArray.h:119 --> geom::CoordinateArrayWithHash_O
In fileName: include/coordinateArray.h parsed lispBase1 line: LISP_BASE1(CoordinateArray_O);
In fileName: include/coordinateArray.h parsed lispClass line: LISP_CLASS(geom,GeomPkg,CoordinateArrayWithHash_O,"CoordinateArrayWithHash");
updateLatestClass info for class[geom::CoordinateArrayWithHash_O] packageName[GeomPkg]
!!!!! Reading fileName(include/geomPackage.fwd.h)
!!!!! Associating namespace(geom) with package(GeomPkg)
Namespace changed to geom - include/geomPackage.fwd.h:10
    CurrentPackage set to GeomPkg
!!!!! Reading fileName(include/geomPackage.h)
Namespace changed to geom - include/geomPackage.h:8
    CurrentPackage set to GeomPkg
!!!!! Reading fileName(include/matrix.h)
!!!!! Reading fileName(include/omatrix.fwd.h)
Namespace changed to geom - include/omatrix.fwd.h:3
    CurrentPackage set to GeomPkg
!!!!! Reading fileName(include/omatrix.h)
Namespace changed to geom - include/omatrix.h:9
    CurrentPackage set to GeomPkg
In fileName: include/omatrix.h parsed cppClassDefinition line: class OMatrix_O : public core::T_O
Creating one Initializer(geom::OMatrix_O) baseInitializer(['core::T_O'])
Group: <__main__.ClassGroup instance at 0x103f60488>  target: geom::OMatrix_O   filename: include/omatrix.h
createOnClass@include/omatrix.h:12 --> geom::OMatrix_O
In fileName: include/omatrix.h parsed lispBase1 line: LISP_BASE1(core::T_O);
In fileName: include/omatrix.h parsed lispClass line: LISP_CLASS(geom,GeomPkg,OMatrix_O,"OMatrix");
updateLatestClass info for class[geom::OMatrix_O] packageName[GeomPkg]
Namespace changed to translate - include/omatrix.h:72
    CurrentPackage set to None
!!!!! Reading fileName(include/otherPackageClasses.h)
!!!!! Reading fileName(include/ovector2.fwd.h)
Namespace changed to geom - include/ovector2.fwd.h:3
    CurrentPackage set to GeomPkg
!!!!! Reading fileName(include/ovector2.h)
Namespace changed to geom - include/ovector2.h:9
    CurrentPackage set to GeomPkg
In fileName: include/ovector2.h parsed cppClassDefinition line: class OVector2_O : public core::T_O
Creating one Initializer(geom::OVector2_O) baseInitializer(['core::T_O'])
Group: <__main__.ClassGroup instance at 0x103f60488>  target: geom::OVector2_O   filename: include/ovector2.h
createOnClass@include/ovector2.h:12 --> geom::OVector2_O
In fileName: include/ovector2.h parsed lispBase1 line: LISP_BASE1(core::T_O);
In fileName: include/ovector2.h parsed lispClass line: LISP_CLASS(geom,GeomPkg,OVector2_O,"OVector2");
updateLatestClass info for class[geom::OVector2_O] packageName[GeomPkg]
Namespace changed to translate - include/ovector2.h:68
    CurrentPackage set to None
!!!!! Reading fileName(include/ovector3.fwd.h)
Namespace changed to geom - include/ovector3.fwd.h:3
    CurrentPackage set to GeomPkg
!!!!! Reading fileName(include/ovector3.h)
Namespace changed to geom - include/ovector3.h:11
    CurrentPackage set to GeomPkg
In fileName: include/ovector3.h parsed cppClassDefinition line: class OVector3_O : public core::T_O
Creating one Initializer(geom::OVector3_O) baseInitializer(['core::T_O'])
Group: <__main__.ClassGroup instance at 0x103f60488>  target: geom::OVector3_O   filename: include/ovector3.h
createOnClass@include/ovector3.h:14 --> geom::OVector3_O
In fileName: include/ovector3.h parsed lispBase1 line: LISP_BASE1(core::T_O);
In fileName: include/ovector3.h parsed lispClass line: LISP_CLASS(geom,GeomPkg,OVector3_O,"OVector3");
updateLatestClass info for class[geom::OVector3_O] packageName[GeomPkg]
Namespace changed to translate - include/ovector3.h:81
    CurrentPackage set to None
!!!!! Reading fileName(include/symbolTable.h)
Namespace changed to geom - include/symbolTable.h:6
    CurrentPackage set to GeomPkg
Namespace changed to kw - include/symbolTable.h:18
    CurrentPackage set to None
!!!!! Reading fileName(include/vector2.h)
Namespace changed to geom - include/vector2.h:18
    CurrentPackage set to GeomPkg
!!!!! Reading fileName(include/vector3.h)
Namespace changed to serialize - include/vector3.h:137
    CurrentPackage set to None
!!!!! Reading fileName(include/vector4.h)
!!!!! Reading fileName(*.h)
Skipping file[*.h] - it doesn't exist
!!!!! Reading fileName(boundingBox.cc)
Namespace changed to geom - boundingBox.cc:10
    CurrentPackage set to GeomPkg
!!!!! Reading fileName(candoBasePackage.cc)
Namespace changed to kw - candoBasePackage.cc:13
    CurrentPackage set to None
Namespace changed to geom - candoBasePackage.cc:24
    CurrentPackage set to GeomPkg
Namespace changed to geom - candoBasePackage.cc:39
    CurrentPackage set to GeomPkg
Namespace changed to geom - candoBasePackage.cc:54
    CurrentPackage set to GeomPkg
!!!!! Reading fileName(color.cc)
Namespace changed to geom - color.cc:19
    CurrentPackage set to GeomPkg
!!!!! Reading fileName(coordinateArray.cc)
Namespace changed to geom - coordinateArray.cc:21
    CurrentPackage set to GeomPkg
!!!!! Reading fileName(matrix.cc)
Namespace changed to client - matrix.cc:671
    CurrentPackage set to None
Namespace changed to qi - matrix.cc:673
    CurrentPackage set to None
Namespace changed to karma - matrix.cc:674
    CurrentPackage set to None
Namespace changed to ascii - matrix.cc:675
    CurrentPackage set to None
!!!!! Reading fileName(mySaxInterface.cc)
Namespace changed to geom - mySaxInterface.cc:14
    CurrentPackage set to GeomPkg
!!!!! Reading fileName(omatrix.cc)
Namespace changed to geom - omatrix.cc:12
    CurrentPackage set to GeomPkg
!!!!! Reading fileName(ovector2.cc)
Namespace changed to geom - ovector2.cc:12
    CurrentPackage set to GeomPkg
!!!!! Reading fileName(ovector3.cc)
Namespace changed to geom - ovector3.cc:10
    CurrentPackage set to GeomPkg
!!!!! Reading fileName(quickDom.cc)
Namespace changed to geom - quickDom.cc:25
    CurrentPackage set to GeomPkg
!!!!! Reading fileName(vector2.cc)
Namespace changed to geom - vector2.cc:18
    CurrentPackage set to GeomPkg
!!!!! Reading fileName(vector3.cc)
!!!!! Reading fileName(vector4.cc)
-------- loaded everything -------- now processing
============= Writing classInitializers
Class[core::T_O] was not defined
Class[core::Vector_O] was not defined
Class[core::T_O] was not defined
Class[core::Vector_O] was not defined
Class[core::T_O] was not defined
Class[core::Vector_O] was not defined
Class[core::T_O] was not defined
Class[core::Vector_O] was not defined
Class[core::T_O] was not defined
Class[core::Vector_O] was not defined
For class[geom::BoundingBox_O] requirements = set(['core::T_O'])
Returning bases[['core::T_O']]
For class[geom::Color_O] requirements = set(['core::T_O'])
Returning bases[['core::T_O']]
For class[geom::CoordinateArray_O] requirements = set(['core::Vector_O'])
Returning bases[['core::Vector_O']]
For class[geom::OMatrix_O] requirements = set(['core::T_O'])
Returning bases[['core::T_O']]
For class[geom::OVector2_O] requirements = set(['core::T_O'])
Returning bases[['core::T_O']]
For class[geom::OVector3_O] requirements = set(['core::T_O'])
Returning bases[['core::T_O']]
For class[geom::CoordinateArrayWithHash_O] requirements = set(['geom::CoordinateArray_O'])
Returning bases[['geom::CoordinateArray_O']]
Class[core::T_O] was not defined
Class[core::Vector_O] was not defined
Class[core::T_O] was not defined
Class[core::Vector_O] was not defined
Class[core::T_O] was not defined
Class[core::Vector_O] was not defined
Writing macros
Class[core::T_O] was not defined
Class[core::Vector_O] was not defined
------------- Done classInitializers
===============  afterInitializers
