Namespace changed to core - -nofile-:0
    CurrentPackage set to None
!!!!! Reading fileName(addonPackage.h)
Namespace changed to addon - addonPackage.h:8
    CurrentPackage set to None
!!!!! Reading fileName(otherPackageClasses.h)
!!!!! Reading fileName(addonPackage.fwd.h)
!!!!! Associating namespace(addon) with package(AddonPkg)
Namespace changed to addon - addonPackage.fwd.h:10
    CurrentPackage set to AddonPkg
!!!!! Reading fileName(addonPackage.h)
Namespace changed to addon - addonPackage.h:8
    CurrentPackage set to AddonPkg
!!!!! Reading fileName(boundingBox.fwd.h)
Namespace changed to addon - boundingBox.fwd.h:3
    CurrentPackage set to AddonPkg
!!!!! Reading fileName(boundingBox.h)
Namespace changed to addon - boundingBox.h:16
    CurrentPackage set to AddonPkg
In fileName: boundingBox.h parsed cppClassDefinition line: class BoundingBox_O : public core::T_O
Creating one Initializer(addon::BoundingBox_O) baseInitializer(['core::T_O'])
createOnClass@boundingBox.h:19 --> addon::BoundingBox_O
In fileName: boundingBox.h parsed lispBase1 line: LISP_BASE1(core::T_O);
In fileName: boundingBox.h parsed lispClass line: LISP_CLASS(addon,AddonPkg,BoundingBox_O,"BoundingBox");
updateLatestClass info for class[addon::BoundingBox_O] packageName[AddonPkg]
!!!!! Reading fileName(color.fwd.h)
Namespace changed to addon - color.fwd.h:3
    CurrentPackage set to AddonPkg
!!!!! Reading fileName(color.h)
Namespace changed to addon - color.h:15
    CurrentPackage set to AddonPkg
In fileName: color.h parsed cppClassDefinition line: class Color_O : public core::T_O
Creating one Initializer(addon::Color_O) baseInitializer(['core::T_O'])
createOnClass@color.h:20 --> addon::Color_O
In fileName: color.h parsed lispBase1 line: LISP_BASE1(core::T_O);
In fileName: color.h parsed lispClass line: LISP_CLASS(addon,AddonPkg,Color_O,"Color");
updateLatestClass info for class[addon::Color_O] packageName[AddonPkg]
!!!!! Reading fileName(coloredVertexList.fwd.h)
Namespace changed to addon - coloredVertexList.fwd.h:3
    CurrentPackage set to AddonPkg
!!!!! Reading fileName(coloredVertexList.h)
Namespace changed to addon - coloredVertexList.h:25
    CurrentPackage set to AddonPkg
In fileName: coloredVertexList.h parsed cppClassDefinition line: class ColoredVertex_O : public core::T_O
Creating one Initializer(addon::ColoredVertex_O) baseInitializer(['core::T_O'])
createOnClass@coloredVertexList.h:33 --> addon::ColoredVertex_O
In fileName: coloredVertexList.h parsed lispBase1 line: LISP_BASE1(core::T_O);
In fileName: coloredVertexList.h parsed lispClass line: LISP_CLASS(addon,AddonPkg,ColoredVertex_O,"ColoredVertex");
updateLatestClass info for class[addon::ColoredVertex_O] packageName[AddonPkg]
In fileName: coloredVertexList.h parsed cppClassDefinition line: class ColoredVertexList_O : public core::T_O
Creating one Initializer(addon::ColoredVertexList_O) baseInitializer(['core::T_O'])
createOnClass@coloredVertexList.h:60 --> addon::ColoredVertexList_O
In fileName: coloredVertexList.h parsed lispBase1 line: LISP_BASE1(core::T_O);
In fileName: coloredVertexList.h parsed lispClass line: LISP_CLASS(addon,AddonPkg,ColoredVertexList_O,"ColoredVertexList");
updateLatestClass info for class[addon::ColoredVertexList_O] packageName[AddonPkg]
!!!!! Reading fileName(container.fwd.h)
Namespace changed to addon - container.fwd.h:3
    CurrentPackage set to AddonPkg
!!!!! Reading fileName(container.h)
Namespace changed to addon - container.h:14
    CurrentPackage set to AddonPkg
In fileName: container.h parsed cppClassDefinition line: class Container_O : public core::T_O
Creating one Initializer(addon::Container_O) baseInitializer(['core::T_O'])
createOnClass@container.h:19 --> addon::Container_O
In fileName: container.h parsed lispBase1 line: LISP_BASE1(core::T_O);
In fileName: container.h parsed lispClass line: LISP_CLASS(addon,AddonPkg,Container_O,"Container");
updateLatestClass info for class[addon::Container_O] packageName[AddonPkg]
!!!!! Reading fileName(coordinateArray.fwd.h)
Namespace changed to addon - coordinateArray.fwd.h:3
    CurrentPackage set to AddonPkg
!!!!! Reading fileName(coordinateArray.h)
Namespace changed to addon - coordinateArray.h:30
    CurrentPackage set to AddonPkg
In fileName: coordinateArray.h parsed cppClassDefinition line: class CoordinateArray_O : public core::Vector_O
Creating one Initializer(addon::CoordinateArray_O) baseInitializer(['core::Vector_O'])
createOnClass@coordinateArray.h:37 --> addon::CoordinateArray_O
In fileName: coordinateArray.h parsed lispBase1 line: LISP_BASE1(core::Vector_O);
In fileName: coordinateArray.h parsed lispClass line: LISP_CLASS(addon,AddonPkg,CoordinateArray_O,"CoordinateArray");
updateLatestClass info for class[addon::CoordinateArray_O] packageName[AddonPkg]
In fileName: coordinateArray.h parsed cppClassDefinition line: class CoordinateArrayWithHash_O : public CoordinateArray_O
Creating one Initializer(addon::CoordinateArrayWithHash_O) baseInitializer(['addon::CoordinateArray_O'])
createOnClass@coordinateArray.h:115 --> addon::CoordinateArrayWithHash_O
In fileName: coordinateArray.h parsed lispBase1 line: LISP_BASE1(CoordinateArray_O);
In fileName: coordinateArray.h parsed lispClass line: LISP_CLASS(addon,AddonPkg,CoordinateArrayWithHash_O,"CoordinateArrayWithHash");
updateLatestClass info for class[addon::CoordinateArrayWithHash_O] packageName[AddonPkg]
!!!!! Reading fileName(highlightObject.fwd.h)
Namespace changed to addon - highlightObject.fwd.h:3
    CurrentPackage set to AddonPkg
!!!!! Reading fileName(highlightObject.h)
Namespace changed to addon - highlightObject.h:16
    CurrentPackage set to AddonPkg
In fileName: highlightObject.h parsed cppClassDefinition line: class PickableObject_O : public core::T_O
Creating one Initializer(addon::PickableObject_O) baseInitializer(['core::T_O'])
createOnClass@highlightObject.h:20 --> addon::PickableObject_O
In fileName: highlightObject.h parsed lispBase1 line: LISP_BASE1(core::T_O);
In fileName: highlightObject.h parsed lispClass line: LISP_CLASS(addon,AddonPkg,PickableObject_O,"PickableObject");
updateLatestClass info for class[addon::PickableObject_O] packageName[AddonPkg]
In fileName: highlightObject.h parsed cppClassDefinition line: class ControlObject_O : public PickableObject_O
Creating one Initializer(addon::ControlObject_O) baseInitializer(['addon::PickableObject_O'])
createOnClass@highlightObject.h:37 --> addon::ControlObject_O
In fileName: highlightObject.h parsed lispBase1 line: LISP_BASE1(PickableObject_O);
In fileName: highlightObject.h parsed lispClass line: LISP_CLASS(addon,AddonPkg,ControlObject_O,"ControlObject");
updateLatestClass info for class[addon::ControlObject_O] packageName[AddonPkg]
In fileName: highlightObject.h parsed cppClassDefinition line: class DragObject_O : public ControlObject_O
Creating one Initializer(addon::DragObject_O) baseInitializer(['addon::ControlObject_O'])
createOnClass@highlightObject.h:52 --> addon::DragObject_O
In fileName: highlightObject.h parsed lispBase1 line: LISP_BASE1(ControlObject_O);
In fileName: highlightObject.h parsed lispClass line: LISP_CLASS(addon,AddonPkg,DragObject_O,"DragObject");
updateLatestClass info for class[addon::DragObject_O] packageName[AddonPkg]
In fileName: highlightObject.h parsed cppClassDefinition line: class HighlightedObject_O : public PickableObject_O
Creating one Initializer(addon::HighlightedObject_O) baseInitializer(['addon::PickableObject_O'])
createOnClass@highlightObject.h:80 --> addon::HighlightedObject_O
In fileName: highlightObject.h parsed lispBase1 line: LISP_BASE1(PickableObject_O);
In fileName: highlightObject.h parsed lispClass line: LISP_CLASS(addon,AddonPkg,HighlightedObject_O,"HighlightedObject");
updateLatestClass info for class[addon::HighlightedObject_O] packageName[AddonPkg]
In fileName: highlightObject.h parsed cppClassDefinition line: class HighlightedHolder_O : public HighlightedObject_O
Creating one Initializer(addon::HighlightedHolder_O) baseInitializer(['addon::HighlightedObject_O'])
createOnClass@highlightObject.h:106 --> addon::HighlightedHolder_O
In fileName: highlightObject.h parsed lispBase1 line: LISP_BASE1(HighlightedObject_O);
In fileName: highlightObject.h parsed lispClass line: LISP_CLASS(addon,AddonPkg,HighlightedHolder_O,"HighlightedHolder");
updateLatestClass info for class[addon::HighlightedHolder_O] packageName[AddonPkg]
!!!!! Reading fileName(integerKeyObjectDictionary.fwd.h)
Namespace changed to addon - integerKeyObjectDictionary.fwd.h:3
    CurrentPackage set to AddonPkg
!!!!! Reading fileName(integerKeyObjectDictionary.h)
Namespace changed to addon - integerKeyObjectDictionary.h:14
    CurrentPackage set to AddonPkg
In fileName: integerKeyObjectDictionary.h parsed cppClassDefinition line: class IntegerKeyObjectDictionary_O : public core::T_O
Creating one Initializer(addon::IntegerKeyObjectDictionary_O) baseInitializer(['core::T_O'])
createOnClass@integerKeyObjectDictionary.h:20 --> addon::IntegerKeyObjectDictionary_O
In fileName: integerKeyObjectDictionary.h parsed lispBase1 line: LISP_BASE1(core::T_O);
In fileName: integerKeyObjectDictionary.h parsed lispClass line: LISP_CLASS(addon,AddonPkg,IntegerKeyObjectDictionary_O,"IntegerKeyObjectDictionary");
updateLatestClass info for class[addon::IntegerKeyObjectDictionary_O] packageName[AddonPkg]
!!!!! Reading fileName(iterateCons.fwd.h)
Namespace changed to addon - iterateCons.fwd.h:3
    CurrentPackage set to AddonPkg
!!!!! Reading fileName(iterateCons.h)
Namespace changed to addon - iterateCons.h:15
    CurrentPackage set to AddonPkg
In fileName: iterateCons.h parsed cppClassDefinition line: class IterateCons_O : public core::Iterator_O
Creating one Initializer(addon::IterateCons_O) baseInitializer(['core::Iterator_O'])
createOnClass@iterateCons.h:22 --> addon::IterateCons_O
In fileName: iterateCons.h parsed lispBase1 line: LISP_BASE1(core::Iterator_O);
In fileName: iterateCons.h parsed lispClass line: LISP_CLASS(addon,AddonPkg,IterateCons_O,"IterateCons");
updateLatestClass info for class[addon::IterateCons_O] packageName[AddonPkg]
!!!!! Reading fileName(iterateRange.fwd.h)
Namespace changed to addon - iterateRange.fwd.h:3
    CurrentPackage set to AddonPkg
!!!!! Reading fileName(iterateRange.h)
Namespace changed to addon - iterateRange.h:15
    CurrentPackage set to AddonPkg
In fileName: iterateRange.h parsed cppClassDefinition line: class IterateRange_O : public core::Iterator_O
Creating one Initializer(addon::IterateRange_O) baseInitializer(['core::Iterator_O'])
createOnClass@iterateRange.h:18 --> addon::IterateRange_O
In fileName: iterateRange.h parsed lispBase1 line: LISP_BASE1(core::Iterator_O);
In fileName: iterateRange.h parsed lispClass line: LISP_CLASS(addon,AddonPkg,IterateRange_O,"IterateRange");
updateLatestClass info for class[addon::IterateRange_O] packageName[AddonPkg]
!!!!! Reading fileName(matrix.h)
!!!!! Reading fileName(mySaxInterface.h)
Namespace changed to addon - mySaxInterface.h:19
    CurrentPackage set to AddonPkg
!!!!! Reading fileName(omatrix.fwd.h)
Namespace changed to addon - omatrix.fwd.h:3
    CurrentPackage set to AddonPkg
!!!!! Reading fileName(omatrix.h)
Namespace changed to addon - omatrix.h:9
    CurrentPackage set to AddonPkg
In fileName: omatrix.h parsed cppClassDefinition line: class OMatrix_O : public core::T_O
Creating one Initializer(addon::OMatrix_O) baseInitializer(['core::T_O'])
createOnClass@omatrix.h:12 --> addon::OMatrix_O
In fileName: omatrix.h parsed lispBase1 line: LISP_BASE1(core::T_O);
In fileName: omatrix.h parsed lispClass line: LISP_CLASS(addon,AddonPkg,OMatrix_O,"OMatrix");
updateLatestClass info for class[addon::OMatrix_O] packageName[AddonPkg]
Namespace changed to translate - omatrix.h:66
    CurrentPackage set to None
!!!!! Reading fileName(otherPackageClasses.h)
!!!!! Reading fileName(ovector2.fwd.h)
Namespace changed to addon - ovector2.fwd.h:3
    CurrentPackage set to AddonPkg
!!!!! Reading fileName(ovector2.h)
Namespace changed to addon - ovector2.h:9
    CurrentPackage set to AddonPkg
In fileName: ovector2.h parsed cppClassDefinition line: class OVector2_O : public core::T_O
Creating one Initializer(addon::OVector2_O) baseInitializer(['core::T_O'])
createOnClass@ovector2.h:12 --> addon::OVector2_O
In fileName: ovector2.h parsed lispBase1 line: LISP_BASE1(core::T_O);
In fileName: ovector2.h parsed lispClass line: LISP_CLASS(addon,AddonPkg,OVector2_O,"OVector2");
updateLatestClass info for class[addon::OVector2_O] packageName[AddonPkg]
Namespace changed to translate - ovector2.h:68
    CurrentPackage set to None
!!!!! Reading fileName(ovector3.fwd.h)
Namespace changed to addon - ovector3.fwd.h:3
    CurrentPackage set to AddonPkg
!!!!! Reading fileName(ovector3.h)
Namespace changed to addon - ovector3.h:11
    CurrentPackage set to AddonPkg
In fileName: ovector3.h parsed cppClassDefinition line: class OVector3_O : public core::T_O
Creating one Initializer(addon::OVector3_O) baseInitializer(['core::T_O'])
createOnClass@ovector3.h:14 --> addon::OVector3_O
In fileName: ovector3.h parsed lispBase1 line: LISP_BASE1(core::T_O);
In fileName: ovector3.h parsed lispClass line: LISP_CLASS(addon,AddonPkg,OVector3_O,"OVector3");
updateLatestClass info for class[addon::OVector3_O] packageName[AddonPkg]
Namespace changed to translate - ovector3.h:78
    CurrentPackage set to None
!!!!! Reading fileName(quickDom.fwd.h)
Namespace changed to addon - quickDom.fwd.h:3
    CurrentPackage set to AddonPkg
!!!!! Reading fileName(quickDom.h)
Namespace changed to addon - quickDom.h:28
    CurrentPackage set to AddonPkg
In fileName: quickDom.h parsed cppClassDefinition line: class QDomNode_O : public core::T_O
Creating one Initializer(addon::QDomNode_O) baseInitializer(['core::T_O'])
createOnClass@quickDom.h:37 --> addon::QDomNode_O
In fileName: quickDom.h parsed lispBase1 line: LISP_BASE1(core::T_O);
In fileName: quickDom.h parsed lispClass line: LISP_CLASS(addon,AddonPkg,QDomNode_O,"QDomNode");
updateLatestClass info for class[addon::QDomNode_O] packageName[AddonPkg]
!!!!! Reading fileName(range.fwd.h)
Namespace changed to addon - range.fwd.h:3
    CurrentPackage set to AddonPkg
!!!!! Reading fileName(range.h)
Namespace changed to addon - range.h:15
    CurrentPackage set to AddonPkg
In fileName: range.h parsed cppClassDefinition line: class Range_O : public core::T_O
Creating one Initializer(addon::Range_O) baseInitializer(['core::T_O'])
createOnClass@range.h:19 --> addon::Range_O
In fileName: range.h parsed lispBase1 line: LISP_BASE1(core::T_O);
In fileName: range.h parsed lispClass line: LISP_CLASS(addon,AddonPkg,Range_O,"Range");
updateLatestClass info for class[addon::Range_O] packageName[AddonPkg]
!!!!! Reading fileName(symbolTable.h)
Namespace changed to addon - symbolTable.h:6
    CurrentPackage set to AddonPkg
Namespace changed to kw - symbolTable.h:18
    CurrentPackage set to None
!!!!! Reading fileName(symbols_scraped_inc.h)
!!!!! Reading fileName(vector2.h)
Namespace changed to addon - vector2.h:18
    CurrentPackage set to AddonPkg
!!!!! Reading fileName(vector3.h)
Namespace changed to serialize - vector3.h:140
    CurrentPackage set to None
!!!!! Reading fileName(vector4.h)
!!!!! Reading fileName(../../cando/addon/bin/boehm/clang-darwin-4.2.1/debug/link-static/addon_initClasses_inc.h)
!!!!! Reading fileName(../../cando/addon/bin/boehm/clang-darwin-4.2.1/debug/link-static/addon_initScripting_inc.h)
!!!!! Reading fileName(../../cando/addon/bin/boehm/clang-darwin-4.2.1/debug/link-static/addon_scrape_flag.h)
!!!!! Reading fileName(addonPackage.cc)
Namespace changed to kw - addonPackage.cc:13
    CurrentPackage set to None
Namespace changed to addon - addonPackage.cc:24
    CurrentPackage set to AddonPkg
Namespace changed to addon - addonPackage.cc:39
    CurrentPackage set to AddonPkg
Namespace changed to addon - addonPackage.cc:54
    CurrentPackage set to AddonPkg
!!!!! Reading fileName(boundingBox.cc)
Namespace changed to addon - boundingBox.cc:12
    CurrentPackage set to AddonPkg
!!!!! Reading fileName(color.cc)
Namespace changed to addon - color.cc:19
    CurrentPackage set to AddonPkg
!!!!! Reading fileName(coloredVertexList.cc)
Namespace changed to addon - coloredVertexList.cc:21
    CurrentPackage set to AddonPkg
!!!!! Reading fileName(container.cc)
Namespace changed to addon - container.cc:13
    CurrentPackage set to AddonPkg
!!!!! Reading fileName(coordinateArray.cc)
Namespace changed to addon - coordinateArray.cc:21
    CurrentPackage set to AddonPkg
!!!!! Reading fileName(highlightObject.cc)
Namespace changed to addon - highlightObject.cc:19
    CurrentPackage set to AddonPkg
!!!!! Reading fileName(integerKeyObjectDictionary.cc)
Namespace changed to addon - integerKeyObjectDictionary.cc:9
    CurrentPackage set to AddonPkg
!!!!! Reading fileName(iterateCons.cc)
Namespace changed to addon - iterateCons.cc:12
    CurrentPackage set to AddonPkg
!!!!! Reading fileName(iterateRange.cc)
Namespace changed to addon - iterateRange.cc:9
    CurrentPackage set to AddonPkg
!!!!! Reading fileName(matrix.cc)
Namespace changed to client - matrix.cc:671
    CurrentPackage set to None
Namespace changed to qi - matrix.cc:673
    CurrentPackage set to None
Namespace changed to karma - matrix.cc:674
    CurrentPackage set to None
Namespace changed to ascii - matrix.cc:675
    CurrentPackage set to None
!!!!! Reading fileName(mySaxInterface.cc)
Namespace changed to addon - mySaxInterface.cc:14
    CurrentPackage set to AddonPkg
!!!!! Reading fileName(omatrix.cc)
Namespace changed to addon - omatrix.cc:12
    CurrentPackage set to AddonPkg
!!!!! Reading fileName(ovector2.cc)
Namespace changed to addon - ovector2.cc:12
    CurrentPackage set to AddonPkg
!!!!! Reading fileName(ovector3.cc)
Namespace changed to addon - ovector3.cc:10
    CurrentPackage set to AddonPkg
!!!!! Reading fileName(quickDom.cc)
Namespace changed to addon - quickDom.cc:25
    CurrentPackage set to AddonPkg
!!!!! Reading fileName(range.cc)
Namespace changed to addon - range.cc:14
    CurrentPackage set to AddonPkg
!!!!! Reading fileName(vector2.cc)
Namespace changed to addon - vector2.cc:18
    CurrentPackage set to AddonPkg
!!!!! Reading fileName(vector3.cc)
!!!!! Reading fileName(vector4.cc)
!!!!! Reading fileName(../../cando/addon/bin/boehm/clang-darwin-4.2.1/debug/link-static/*.cc)
Skipping file[../../cando/addon/bin/boehm/clang-darwin-4.2.1/debug/link-static/*.cc] - it doesn't exist
-------- loaded everything -------- now processing
============= Writing classInitializers
Class[core::Iterator_O] was not defined
Class[core::T_O] was not defined
Class[core::Vector_O] was not defined
Class[core::Iterator_O] was not defined
Class[core::T_O] was not defined
Class[core::Vector_O] was not defined
Class[core::Iterator_O] was not defined
Class[core::T_O] was not defined
Class[core::Vector_O] was not defined
Class[core::Iterator_O] was not defined
Class[core::T_O] was not defined
Class[core::Vector_O] was not defined
Class[core::Iterator_O] was not defined
Class[core::T_O] was not defined
Class[core::Vector_O] was not defined
For class[addon::BoundingBox_O] requirements = set(['core::T_O'])
Returning bases[['core::T_O']]
For class[addon::Color_O] requirements = set(['core::T_O'])
Returning bases[['core::T_O']]
For class[addon::ColoredVertexList_O] requirements = set(['core::T_O'])
Returning bases[['core::T_O']]
For class[addon::ColoredVertex_O] requirements = set(['core::T_O'])
Returning bases[['core::T_O']]
For class[addon::Container_O] requirements = set(['core::T_O'])
Returning bases[['core::T_O']]
For class[addon::CoordinateArray_O] requirements = set(['core::Vector_O'])
Returning bases[['core::Vector_O']]
For class[addon::IntegerKeyObjectDictionary_O] requirements = set(['core::T_O'])
Returning bases[['core::T_O']]
For class[addon::IterateCons_O] requirements = set(['core::Iterator_O'])
Returning bases[['core::Iterator_O']]
For class[addon::IterateRange_O] requirements = set(['core::Iterator_O'])
Returning bases[['core::Iterator_O']]
For class[addon::OMatrix_O] requirements = set(['core::T_O'])
Returning bases[['core::T_O']]
For class[addon::OVector2_O] requirements = set(['core::T_O'])
Returning bases[['core::T_O']]
For class[addon::OVector3_O] requirements = set(['core::T_O'])
Returning bases[['core::T_O']]
For class[addon::PickableObject_O] requirements = set(['core::T_O'])
Returning bases[['core::T_O']]
For class[addon::QDomNode_O] requirements = set(['core::T_O'])
Returning bases[['core::T_O']]
For class[addon::Range_O] requirements = set(['core::T_O'])
Returning bases[['core::T_O']]
For class[addon::ControlObject_O] requirements = set(['addon::PickableObject_O'])
Returning bases[['addon::PickableObject_O']]
For class[addon::CoordinateArrayWithHash_O] requirements = set(['addon::CoordinateArray_O'])
Returning bases[['addon::CoordinateArray_O']]
For class[addon::HighlightedObject_O] requirements = set(['addon::PickableObject_O'])
Returning bases[['addon::PickableObject_O']]
For class[addon::DragObject_O] requirements = set(['addon::ControlObject_O'])
Returning bases[['addon::ControlObject_O']]
For class[addon::HighlightedHolder_O] requirements = set(['addon::HighlightedObject_O'])
Returning bases[['addon::HighlightedObject_O']]
Class[core::Iterator_O] was not defined
Class[core::T_O] was not defined
Class[core::Vector_O] was not defined
Class[core::Iterator_O] was not defined
Class[core::T_O] was not defined
Class[core::Vector_O] was not defined
Class[core::Iterator_O] was not defined
Class[core::T_O] was not defined
Class[core::Vector_O] was not defined
Writing macros
Class[core::Iterator_O] was not defined
Class[core::T_O] was not defined
Class[core::Vector_O] was not defined
------------- Done classInitializers
Writing output now to ../../cando/addon/bin/boehm/clang-darwin-4.2.1/debug/link-static/addon_initScripting_inc.h
===============  afterInitializers
