Namespace changed to core - -nofile-:0
    CurrentPackage set to None
!!!!! Reading fileName(include/adaptPackage.h)
Namespace changed to adapt - include/adaptPackage.h:8
    CurrentPackage set to None
!!!!! Reading fileName(include/adaptPackage.fwd.h)
!!!!! Associating namespace(adapt) with package(AdaptPkg)
Namespace changed to adapt - include/adaptPackage.fwd.h:10
    CurrentPackage set to AdaptPkg
!!!!! Reading fileName(include/adaptPackage.h)
Namespace changed to adapt - include/adaptPackage.h:8
    CurrentPackage set to AdaptPkg
!!!!! Reading fileName(include/adapters.h)
!!!!! Reading fileName(include/iterateCons.fwd.h)
Namespace changed to adapt - include/iterateCons.fwd.h:3
    CurrentPackage set to AdaptPkg
!!!!! Reading fileName(include/iterateCons.h)
Namespace changed to adapt - include/iterateCons.h:15
    CurrentPackage set to AdaptPkg
In fileName: include/iterateCons.h parsed cppClassDefinition line: class IterateCons_O : public core::Iterator_O
Creating one Initializer(adapt::IterateCons_O) baseInitializer(['core::Iterator_O'])
Group: <__main__.ClassGroup instance at 0x1034ee1b8>  target: adapt::IterateCons_O   filename: include/iterateCons.h
createOnClass@include/iterateCons.h:22 --> adapt::IterateCons_O
In fileName: include/iterateCons.h parsed lispBase1 line: LISP_BASE1(core::Iterator_O);
In fileName: include/iterateCons.h parsed lispClass line: LISP_CLASS(adapt,AdaptPkg,IterateCons_O,"IterateCons");
updateLatestClass info for class[adapt::IterateCons_O] packageName[AdaptPkg]
!!!!! Reading fileName(include/mySaxInterface.h)
Namespace changed to adapt - include/mySaxInterface.h:19
    CurrentPackage set to AdaptPkg
!!!!! Reading fileName(include/objectSet.fwd.h)
Namespace changed to adapt - include/objectSet.fwd.h:29
    CurrentPackage set to AdaptPkg
!!!!! Reading fileName(include/objectSet.h)
Namespace changed to adapt - include/objectSet.h:35
    CurrentPackage set to AdaptPkg
In fileName: include/objectSet.h parsed cppClassDefinition line: class ObjectSet_O : public T_O {
Creating one Initializer(adapt::ObjectSet_O) baseInitializer(['adapt::T_O'])
Group: <__main__.ClassGroup instance at 0x1034ee1b8>  target: adapt::ObjectSet_O   filename: include/objectSet.h
createOnClass@include/objectSet.h:44 --> adapt::ObjectSet_O
In fileName: include/objectSet.h parsed lispBase1 line: LISP_BASE1(T_O);
In fileName: include/objectSet.h parsed lispClass line: LISP_CLASS(adapt, AdaptPkg, ObjectSet_O, "ObjectSet");
updateLatestClass info for class[adapt::ObjectSet_O] packageName[AdaptPkg]
!!!!! Reading fileName(include/quickDom.fwd.h)
Namespace changed to adapt - include/quickDom.fwd.h:3
    CurrentPackage set to AdaptPkg
!!!!! Reading fileName(include/quickDom.h)
Namespace changed to adapt - include/quickDom.h:28
    CurrentPackage set to AdaptPkg
In fileName: include/quickDom.h parsed cppClassDefinition line: class QDomNode_O : public core::T_O
Creating one Initializer(adapt::QDomNode_O) baseInitializer(['core::T_O'])
Group: <__main__.ClassGroup instance at 0x1034ee1b8>  target: adapt::QDomNode_O   filename: include/quickDom.h
createOnClass@include/quickDom.h:37 --> adapt::QDomNode_O
In fileName: include/quickDom.h parsed lispBase1 line: LISP_BASE1(core::T_O);
In fileName: include/quickDom.h parsed lispClass line: LISP_CLASS(adapt,AdaptPkg,QDomNode_O,"QDomNode");
updateLatestClass info for class[adapt::QDomNode_O] packageName[AdaptPkg]
!!!!! Reading fileName(include/stringList.fwd.h)
Namespace changed to adapt - include/stringList.fwd.h:29
    CurrentPackage set to AdaptPkg
!!!!! Reading fileName(include/stringList.h)
Namespace changed to adapt - include/stringList.h:42
    CurrentPackage set to AdaptPkg
In fileName: include/stringList.h parsed cppClassDefinition line: class StringList_O : public T_O {
Creating one Initializer(adapt::StringList_O) baseInitializer(['adapt::T_O'])
Group: <__main__.ClassGroup instance at 0x1034ee1b8>  target: adapt::StringList_O   filename: include/stringList.h
createOnClass@include/stringList.h:50 --> adapt::StringList_O
In fileName: include/stringList.h parsed lispBase1 line: LISP_BASE1(T_O);
In fileName: include/stringList.h parsed lispClass line: LISP_CLASS(adapt, AdaptPkg, StringList_O, "StringList");
updateLatestClass info for class[adapt::StringList_O] packageName[AdaptPkg]
!!!!! Reading fileName(include/stringSet.fwd.h)
Namespace changed to adapt - include/stringSet.fwd.h:29
    CurrentPackage set to AdaptPkg
!!!!! Reading fileName(include/stringSet.h)
Namespace changed to adapt - include/stringSet.h:44
    CurrentPackage set to AdaptPkg
In fileName: include/stringSet.h parsed cppClassDefinition line: class StringSet_O : public core::T_O {
Creating one Initializer(adapt::StringSet_O) baseInitializer(['core::T_O'])
Group: <__main__.ClassGroup instance at 0x1034ee1b8>  target: adapt::StringSet_O   filename: include/stringSet.h
createOnClass@include/stringSet.h:54 --> adapt::StringSet_O
In fileName: include/stringSet.h parsed lispBase1 line: LISP_BASE1(core::T_O);
In fileName: include/stringSet.h parsed lispClass line: LISP_CLASS(adapt, AdaptPkg, StringSet_O, "StringSet");
updateLatestClass info for class[adapt::StringSet_O] packageName[AdaptPkg]
!!!!! Reading fileName(include/symbolList.fwd.h)
Namespace changed to adapt - include/symbolList.fwd.h:29
    CurrentPackage set to AdaptPkg
!!!!! Reading fileName(include/symbolList.h)
Namespace changed to adapt - include/symbolList.h:41
    CurrentPackage set to AdaptPkg
In fileName: include/symbolList.h parsed cppClassDefinition line: class SymbolList_O : public core::T_O {
Creating one Initializer(adapt::SymbolList_O) baseInitializer(['core::T_O'])
Group: <__main__.ClassGroup instance at 0x1034ee1b8>  target: adapt::SymbolList_O   filename: include/symbolList.h
createOnClass@include/symbolList.h:51 --> adapt::SymbolList_O
In fileName: include/symbolList.h parsed lispBase1 line: LISP_BASE1(core::T_O);
In fileName: include/symbolList.h parsed lispClass line: LISP_CLASS(adapt, AdaptPkg, SymbolList_O, "SymbolList");
updateLatestClass info for class[adapt::SymbolList_O] packageName[AdaptPkg]
!!!!! Reading fileName(include/symbolMap.h)
Namespace changed to adapt - include/symbolMap.h:46
    CurrentPackage set to AdaptPkg
Namespace changed to translate - include/symbolMap.h:64
    CurrentPackage set to None
!!!!! Reading fileName(include/symbolSet.fwd.h)
Namespace changed to adapt - include/symbolSet.fwd.h:29
    CurrentPackage set to AdaptPkg
!!!!! Reading fileName(include/symbolSet.h)
Namespace changed to adapt - include/symbolSet.h:46
    CurrentPackage set to AdaptPkg
In fileName: include/symbolSet.h parsed cppClassDefinition line: class SymbolSet_O : public T_O {
Creating one Initializer(adapt::SymbolSet_O) baseInitializer(['adapt::T_O'])
Group: <__main__.ClassGroup instance at 0x1034ee1b8>  target: adapt::SymbolSet_O   filename: include/symbolSet.h
createOnClass@include/symbolSet.h:61 --> adapt::SymbolSet_O
In fileName: include/symbolSet.h parsed lispBase1 line: LISP_BASE1(T_O);
In fileName: include/symbolSet.h parsed lispClass line: LISP_CLASS(adapt, AdaptPkg, SymbolSet_O, "SymbolSet");
updateLatestClass info for class[adapt::SymbolSet_O] packageName[AdaptPkg]
!!!!! Reading fileName(*.h)
Skipping file[*.h] - it doesn't exist
!!!!! Reading fileName(adaptPackage.cc)
Namespace changed to kw - adaptPackage.cc:13
    CurrentPackage set to None
Namespace changed to adapt - adaptPackage.cc:24
    CurrentPackage set to AdaptPkg
Namespace changed to adapt - adaptPackage.cc:39
    CurrentPackage set to AdaptPkg
Namespace changed to adapt - adaptPackage.cc:54
    CurrentPackage set to AdaptPkg
!!!!! Reading fileName(iterateCons.cc)
Namespace changed to adapt - iterateCons.cc:12
    CurrentPackage set to AdaptPkg
!!!!! Reading fileName(mySaxInterface.cc)
Namespace changed to adapt - mySaxInterface.cc:14
    CurrentPackage set to AdaptPkg
!!!!! Reading fileName(objectSet.cc)
Namespace changed to adapt - objectSet.cc:36
    CurrentPackage set to AdaptPkg
!!!!! Reading fileName(quickDom.cc)
Namespace changed to adapt - quickDom.cc:25
    CurrentPackage set to AdaptPkg
!!!!! Reading fileName(stringList.cc)
Namespace changed to adapt - stringList.cc:42
    CurrentPackage set to AdaptPkg
!!!!! Reading fileName(stringSet.cc)
Namespace changed to adapt - stringSet.cc:46
    CurrentPackage set to AdaptPkg
!!!!! Reading fileName(symbolList.cc)
Namespace changed to adapt - symbolList.cc:48
    CurrentPackage set to AdaptPkg
!!!!! Reading fileName(symbolSet.cc)
Namespace changed to adapt - symbolSet.cc:46
    CurrentPackage set to AdaptPkg
-------- loaded everything -------- now processing
============= Writing classInitializers
Class[adapt::T_O] was not defined
Class[core::Iterator_O] was not defined
Class[core::T_O] was not defined
Class[adapt::T_O] was not defined
Class[core::Iterator_O] was not defined
Class[core::T_O] was not defined
Class[adapt::T_O] was not defined
Class[core::Iterator_O] was not defined
Class[core::T_O] was not defined
Class[adapt::T_O] was not defined
Class[core::Iterator_O] was not defined
Class[core::T_O] was not defined
Class[adapt::T_O] was not defined
Class[core::Iterator_O] was not defined
Class[core::T_O] was not defined
For class[adapt::IterateCons_O] requirements = set(['core::Iterator_O'])
Returning bases[['core::Iterator_O']]
For class[adapt::ObjectSet_O] requirements = set(['adapt::T_O'])
Returning bases[['adapt::T_O']]
For class[adapt::QDomNode_O] requirements = set(['core::T_O'])
Returning bases[['core::T_O']]
For class[adapt::StringList_O] requirements = set(['adapt::T_O'])
Returning bases[['adapt::T_O']]
For class[adapt::StringSet_O] requirements = set(['core::T_O'])
Returning bases[['core::T_O']]
For class[adapt::SymbolList_O] requirements = set(['core::T_O'])
Returning bases[['core::T_O']]
For class[adapt::SymbolSet_O] requirements = set(['adapt::T_O'])
Returning bases[['adapt::T_O']]
Class[adapt::T_O] was not defined
Class[core::Iterator_O] was not defined
Class[core::T_O] was not defined
Class[adapt::T_O] was not defined
Class[core::Iterator_O] was not defined
Class[core::T_O] was not defined
Class[adapt::T_O] was not defined
Class[core::Iterator_O] was not defined
Class[core::T_O] was not defined
Writing macros
Class[adapt::T_O] was not defined
Class[core::Iterator_O] was not defined
Class[core::T_O] was not defined
------------- Done classInitializers
===============  afterInitializers
